<?xml version="1.0" encoding="UTF-8" ?>
<testsuite tests="1" failures="0" name="com.exmaple.jbehave.gra.GraTest" time="0.257" errors="1" skipped="0">
  <properties>
[...]
</properties>
  <testcase classname="com.exmaple.jbehave.gra.GraTest" name="run" time="0.257">
    <error message="Failures in running stories: ReportsCount[stories=2,storiesNotAllowed=0,storiesPending=0,scenarios=2,scenariosFailed=1,scenariosNotAllowed=0,scenariosPending=0,stepsFailed=1]" type="org.jbehave.core.embedder.Embedder$RunningStoriesFailed">org.jbehave.core.embedder.Embedder$RunningStoriesFailed: Failures in running stories: ReportsCount[stories=2,storiesNotAllowed=0,storiesPending=0,scenarios=2,scenariosFailed=1,scenariosNotAllowed=0,scenariosPending=0,stepsFailed=1]
	at org.jbehave.core.embedder.Embedder$ThrowingRunningStoriesFailed.handleFailures(Embedder.java:534)
	at org.jbehave.core.embedder.Embedder.handleFailures(Embedder.java:270)
	at org.jbehave.core.embedder.Embedder.generateReportsView(Embedder.java:257)
	at org.jbehave.core.embedder.Embedder.generateReportsView(Embedder.java:238)
	at org.jbehave.core.embedder.Embedder.runStoriesAsPaths(Embedder.java:214)
	at org.jbehave.core.junit.JUnitStory.run(JUnitStory.java:24)
	at sun.reflect.NativeMethodAccessorImpl.invoke0(Native Method)
	at sun.reflect.NativeMethodAccessorImpl.invoke(NativeMethodAccessorImpl.java:62)
	at sun.reflect.DelegatingMethodAccessorImpl.invoke(DelegatingMethodAccessorImpl.java:43)
	at java.lang.reflect.Method.invoke(Method.java:497)
	at org.junit.runners.model.FrameworkMethod$1.runReflectiveCall(FrameworkMethod.java:47)
	at org.junit.internal.runners.model.ReflectiveCallable.run(ReflectiveCallable.java:12)
	at org.junit.runners.model.FrameworkMethod.invokeExplosively(FrameworkMethod.java:44)
	at org.junit.internal.runners.statements.InvokeMethod.evaluate(InvokeMethod.java:17)
	at org.junit.runners.ParentRunner.runLeaf(ParentRunner.java:271)
	at org.junit.runners.BlockJUnit4ClassRunner.runChild(BlockJUnit4ClassRunner.java:70)
	at org.junit.runners.BlockJUnit4ClassRunner.runChild(BlockJUnit4ClassRunner.java:50)
	at org.junit.runners.ParentRunner$3.run(ParentRunner.java:238)
	at org.junit.runners.ParentRunner$1.schedule(ParentRunner.java:63)
	at org.junit.runners.ParentRunner.runChildren(ParentRunner.java:236)
	at org.junit.runners.ParentRunner.access$000(ParentRunner.java:53)
	at org.junit.runners.ParentRunner$2.evaluate(ParentRunner.java:229)
	at org.junit.runners.ParentRunner.run(ParentRunner.java:309)
	at org.apache.maven.surefire.junit4.JUnit4Provider.execute(JUnit4Provider.java:252)
	at org.apache.maven.surefire.junit4.JUnit4Provider.executeTestSet(JUnit4Provider.java:141)
	at org.apache.maven.surefire.junit4.JUnit4Provider.invoke(JUnit4Provider.java:112)
	at sun.reflect.NativeMethodAccessorImpl.invoke0(Native Method)
	at sun.reflect.NativeMethodAccessorImpl.invoke(NativeMethodAccessorImpl.java:62)
	at sun.reflect.DelegatingMethodAccessorImpl.invoke(DelegatingMethodAccessorImpl.java:43)
	at java.lang.reflect.Method.invoke(Method.java:497)
	at org.apache.maven.surefire.util.ReflectionUtils.invokeMethodWithArray(ReflectionUtils.java:189)
	at org.apache.maven.surefire.booter.ProviderFactory$ProviderProxy.invoke(ProviderFactory.java:165)
	at org.apache.maven.surefire.booter.ProviderFactory.invokeProvider(ProviderFactory.java:85)
	at org.apache.maven.surefire.booter.ForkedBooter.runSuitesInProcess(ForkedBooter.java:115)
	at org.apache.maven.surefire.booter.ForkedBooter.main(ForkedBooter.java:75)
</error>
    <system-out>Processing system properties {}
Using controls EmbedderControls[batch=false,skip=false,generateViewAfterStories=true,ignoreFailureInStories=false,ignoreFailureInView=false,verboseFailures=false,verboseFiltering=false,storyTimeoutInSecs=300,failOnStoryTimeout=false,threads=1]

(BeforeStories)

Running story com/exmaple/jbehave/gra/gra_test.story

(com/exmaple/jbehave/gra/gra_test.story)
Scenario: 
Given a Psikus
When set liczba to 9
Then hultajchochla should throw NieduanyPsikusException
When set liczba to -9
Then hultajchochla should throw NieduanyPsikusException
When set liczba to 10
positionOfFirstChar 1, positionOfSecondChar 0
Then hultajchochla should return 1
When set liczba to -83
positionOfFirstChar 1, positionOfSecondChar 1
Then hultajchochla should return -38
When set liczba to 345
positionOfFirstChar 2, positionOfSecondChar 2
Then hultajchochla should return either 435 354 543
When set liczba to 333
Then nieksztaltek return either 833 or 383 or 338 (FAILED)
(java.lang.AssertionError: 
Expected: (is &quot;either 833 or 383&quot; or is &quot;338&quot;)
     but: was &quot;833&quot;)
When set liczba to 376 (NOT PERFORMED)
Then nieksztaltek return either 876 or 316 or 379 (NOT PERFORMED)
When set liczba to 125 (NOT PERFORMED)
Then nieksztaltek should return 125 (NOT PERFORMED)
When set liczba to 347 (NOT PERFORMED)
Then nieksztaltek return 847 or 341 (NOT PERFORMED)
When set liczba to -5 (NOT PERFORMED)
Then cyfrokrad should return NULL (NOT PERFORMED)
When set liczba to 843 (NOT PERFORMED)
Then cyfrokrad should return either 84 83 43 (NOT PERFORMED)
When set liczba to 4070 (NOT PERFORMED)
Then cyfrokrad should return either 407 400 470 (NOT PERFORMED)
When set liczba to 1000 (NOT PERFORMED)
Then cyfrokrad should return 100 (NOT PERFORMED)



(AfterStories)

Generating reports view to &apos;C:\Users\Kamil\Downloads\jbehavedemo (1)\jbehavedemo\target\jbehave&apos; using formats &apos;[stats, console, txt]&apos; and view properties &apos;{navigator=ftl/jbehave-navigator.ftl, views=ftl/jbehave-views.ftl, reports=ftl/jbehave-reports-with-totals.ftl, nonDecorated=ftl/jbehave-report-non-decorated.ftl, decorated=ftl/jbehave-report-decorated.ftl, maps=ftl/jbehave-maps.ftl}&apos;
Reports view generated with 2 stories (of which 0 pending) containing 2 scenarios (of which 0 pending)
</system-out>
  </testcase>
</testsuite>